
state 0
	$accept: .program $end 
	program: .    (2)

	$end  reduce 2 (src line 69)
	error  shift 7
	IDENTIFIER  shift 11
	INT  shift 12
	STRING  shift 13
	MINUS  shift 9
	LPAREN  shift 19
	LBRACKET  shift 17
	LBRACE  shift 18
	VAR  shift 4
	FUNC  shift 21
	RETURN  shift 5
	IF  shift 20
	NIL  shift 16
	TRUE  shift 14
	FALSE  shift 15
	NOT  shift 10
	.  error

	program  goto 1
	statements  goto 2
	statement  goto 3
	expression  goto 6
	primary  goto 8

state 1
	$accept:  program.$end 

	$end  accept
	.  error


state 2
	program:  statements.    (1)
	statements:  statements.statement 

	$end  reduce 1 (src line 63)
	error  shift 7
	IDENTIFIER  shift 11
	INT  shift 12
	STRING  shift 13
	MINUS  shift 9
	LPAREN  shift 19
	LBRACKET  shift 17
	LBRACE  shift 18
	VAR  shift 4
	FUNC  shift 21
	RETURN  shift 5
	IF  shift 20
	NIL  shift 16
	TRUE  shift 14
	FALSE  shift 15
	NOT  shift 10
	.  error

	statement  goto 22
	expression  goto 6
	primary  goto 8

state 3
	statements:  statement.    (3)

	.  reduce 3 (src line 76)


state 4
	statement:  VAR.IDENTIFIER ASSIGNMENT expression optSemicolon 

	IDENTIFIER  shift 23
	.  error


state 5
	statement:  RETURN.expression optSemicolon 

	IDENTIFIER  shift 11
	INT  shift 12
	STRING  shift 13
	MINUS  shift 9
	LPAREN  shift 19
	LBRACKET  shift 17
	LBRACE  shift 18
	FUNC  shift 21
	IF  shift 20
	NIL  shift 16
	TRUE  shift 14
	FALSE  shift 15
	NOT  shift 10
	.  error

	expression  goto 24
	primary  goto 8

6: shift/reduce conflict (shift 27(5), red'n 10(0)) on MINUS
6: shift/reduce conflict (shift 41(9), red'n 10(0)) on LPAREN
6: shift/reduce conflict (shift 39(9), red'n 10(0)) on LBRACKET
state 6
	statement:  expression.optSemicolon 
	expression:  expression.PLUS expression 
	expression:  expression.MINUS expression 
	expression:  expression.MULTIPLY expression 
	expression:  expression.DIVIDE expression 
	expression:  expression.MODULUS expression 
	expression:  expression.EQUAL expression 
	expression:  expression.NOT_EQUAL expression 
	expression:  expression.GREATER_THAN expression 
	expression:  expression.LESS_THAN expression 
	expression:  expression.GREATER_THAN_OR_EQUAL expression 
	expression:  expression.LESS_THAN_OR_EQUAL expression 
	expression:  expression.AND expression 
	expression:  expression.OR expression 
	expression:  expression.LBRACKET expression RBRACKET 
	expression:  expression.DOT IDENTIFIER 
	expression:  expression.LPAREN arguments RPAREN 
	optSemicolon: .    (10)

	PLUS  shift 26
	MINUS  shift 27
	MULTIPLY  shift 28
	DIVIDE  shift 29
	MODULUS  shift 30
	EQUAL  shift 31
	NOT_EQUAL  shift 32
	GREATER_THAN  shift 33
	LESS_THAN  shift 34
	GREATER_THAN_OR_EQUAL  shift 35
	LESS_THAN_OR_EQUAL  shift 36
	SEMICOLON  shift 42
	DOT  shift 40
	LPAREN  shift 41
	LBRACKET  shift 39
	AND  shift 37
	OR  shift 38
	.  reduce 10 (src line 149)

	optSemicolon  goto 25

state 7
	statement:  error.    (8)

	.  reduce 8 (src line 140)


state 8
	expression:  primary.    (13)

	.  reduce 13 (src line 169)


state 9
	expression:  MINUS.expression 

	IDENTIFIER  shift 11
	INT  shift 12
	STRING  shift 13
	MINUS  shift 9
	LPAREN  shift 19
	LBRACKET  shift 17
	LBRACE  shift 18
	FUNC  shift 21
	IF  shift 20
	NIL  shift 16
	TRUE  shift 14
	FALSE  shift 15
	NOT  shift 10
	.  error

	expression  goto 43
	primary  goto 8

state 10
	expression:  NOT.expression 

	IDENTIFIER  shift 11
	INT  shift 12
	STRING  shift 13
	MINUS  shift 9
	LPAREN  shift 19
	LBRACKET  shift 17
	LBRACE  shift 18
	FUNC  shift 21
	IF  shift 20
	NIL  shift 16
	TRUE  shift 14
	FALSE  shift 15
	NOT  shift 10
	.  error

	expression  goto 44
	primary  goto 8

state 11
	primary:  IDENTIFIER.    (32)

	.  reduce 32 (src line 330)


state 12
	primary:  INT.    (33)

	.  reduce 33 (src line 338)


state 13
	primary:  STRING.    (34)

	.  reduce 34 (src line 346)


state 14
	primary:  TRUE.    (35)

	.  reduce 35 (src line 353)


state 15
	primary:  FALSE.    (36)

	.  reduce 36 (src line 360)


state 16
	primary:  NIL.    (37)

	.  reduce 37 (src line 367)


state 17
	primary:  LBRACKET.expressionList RBRACKET 
	primary:  LBRACKET.RBRACKET 

	IDENTIFIER  shift 11
	INT  shift 12
	STRING  shift 13
	MINUS  shift 9
	LPAREN  shift 19
	LBRACKET  shift 17
	RBRACKET  shift 46
	LBRACE  shift 18
	FUNC  shift 21
	IF  shift 20
	NIL  shift 16
	TRUE  shift 14
	FALSE  shift 15
	NOT  shift 10
	.  error

	expression  goto 47
	primary  goto 8
	expressionList  goto 45

state 18
	primary:  LBRACE.objectPairs RBRACE 
	primary:  LBRACE.RBRACE 

	IDENTIFIER  shift 51
	RBRACE  shift 49
	.  error

	objectPairs  goto 48
	objectPairsList  goto 50

state 19
	primary:  LPAREN.expression RPAREN 

	IDENTIFIER  shift 11
	INT  shift 12
	STRING  shift 13
	MINUS  shift 9
	LPAREN  shift 19
	LBRACKET  shift 17
	LBRACE  shift 18
	FUNC  shift 21
	IF  shift 20
	NIL  shift 16
	TRUE  shift 14
	FALSE  shift 15
	NOT  shift 10
	.  error

	expression  goto 52
	primary  goto 8

state 20
	primary:  IF.LPAREN expression RPAREN block 
	primary:  IF.LPAREN expression RPAREN block ELSE block 

	LPAREN  shift 53
	.  error


state 21
	primary:  FUNC.LPAREN parameters RPAREN block 

	LPAREN  shift 54
	.  error


state 22
	statements:  statements statement.    (4)

	.  reduce 4 (src line 85)


state 23
	statement:  VAR IDENTIFIER.ASSIGNMENT expression optSemicolon 

	ASSIGNMENT  shift 55
	.  error


24: shift/reduce conflict (shift 27(5), red'n 10(0)) on MINUS
24: shift/reduce conflict (shift 41(9), red'n 10(0)) on LPAREN
24: shift/reduce conflict (shift 39(9), red'n 10(0)) on LBRACKET
state 24
	statement:  RETURN expression.optSemicolon 
	expression:  expression.PLUS expression 
	expression:  expression.MINUS expression 
	expression:  expression.MULTIPLY expression 
	expression:  expression.DIVIDE expression 
	expression:  expression.MODULUS expression 
	expression:  expression.EQUAL expression 
	expression:  expression.NOT_EQUAL expression 
	expression:  expression.GREATER_THAN expression 
	expression:  expression.LESS_THAN expression 
	expression:  expression.GREATER_THAN_OR_EQUAL expression 
	expression:  expression.LESS_THAN_OR_EQUAL expression 
	expression:  expression.AND expression 
	expression:  expression.OR expression 
	expression:  expression.LBRACKET expression RBRACKET 
	expression:  expression.DOT IDENTIFIER 
	expression:  expression.LPAREN arguments RPAREN 
	optSemicolon: .    (10)

	PLUS  shift 26
	MINUS  shift 27
	MULTIPLY  shift 28
	DIVIDE  shift 29
	MODULUS  shift 30
	EQUAL  shift 31
	NOT_EQUAL  shift 32
	GREATER_THAN  shift 33
	LESS_THAN  shift 34
	GREATER_THAN_OR_EQUAL  shift 35
	LESS_THAN_OR_EQUAL  shift 36
	SEMICOLON  shift 42
	DOT  shift 40
	LPAREN  shift 41
	LBRACKET  shift 39
	AND  shift 37
	OR  shift 38
	.  reduce 10 (src line 149)

	optSemicolon  goto 56

state 25
	statement:  expression optSemicolon.    (7)

	.  reduce 7 (src line 114)


state 26
	expression:  expression PLUS.expression 

	IDENTIFIER  shift 11
	INT  shift 12
	STRING  shift 13
	MINUS  shift 9
	LPAREN  shift 19
	LBRACKET  shift 17
	LBRACE  shift 18
	FUNC  shift 21
	IF  shift 20
	NIL  shift 16
	TRUE  shift 14
	FALSE  shift 15
	NOT  shift 10
	.  error

	expression  goto 57
	primary  goto 8

state 27
	expression:  expression MINUS.expression 

	IDENTIFIER  shift 11
	INT  shift 12
	STRING  shift 13
	MINUS  shift 9
	LPAREN  shift 19
	LBRACKET  shift 17
	LBRACE  shift 18
	FUNC  shift 21
	IF  shift 20
	NIL  shift 16
	TRUE  shift 14
	FALSE  shift 15
	NOT  shift 10
	.  error

	expression  goto 58
	primary  goto 8

state 28
	expression:  expression MULTIPLY.expression 

	IDENTIFIER  shift 11
	INT  shift 12
	STRING  shift 13
	MINUS  shift 9
	LPAREN  shift 19
	LBRACKET  shift 17
	LBRACE  shift 18
	FUNC  shift 21
	IF  shift 20
	NIL  shift 16
	TRUE  shift 14
	FALSE  shift 15
	NOT  shift 10
	.  error

	expression  goto 59
	primary  goto 8

state 29
	expression:  expression DIVIDE.expression 

	IDENTIFIER  shift 11
	INT  shift 12
	STRING  shift 13
	MINUS  shift 9
	LPAREN  shift 19
	LBRACKET  shift 17
	LBRACE  shift 18
	FUNC  shift 21
	IF  shift 20
	NIL  shift 16
	TRUE  shift 14
	FALSE  shift 15
	NOT  shift 10
	.  error

	expression  goto 60
	primary  goto 8

state 30
	expression:  expression MODULUS.expression 

	IDENTIFIER  shift 11
	INT  shift 12
	STRING  shift 13
	MINUS  shift 9
	LPAREN  shift 19
	LBRACKET  shift 17
	LBRACE  shift 18
	FUNC  shift 21
	IF  shift 20
	NIL  shift 16
	TRUE  shift 14
	FALSE  shift 15
	NOT  shift 10
	.  error

	expression  goto 61
	primary  goto 8

state 31
	expression:  expression EQUAL.expression 

	IDENTIFIER  shift 11
	INT  shift 12
	STRING  shift 13
	MINUS  shift 9
	LPAREN  shift 19
	LBRACKET  shift 17
	LBRACE  shift 18
	FUNC  shift 21
	IF  shift 20
	NIL  shift 16
	TRUE  shift 14
	FALSE  shift 15
	NOT  shift 10
	.  error

	expression  goto 62
	primary  goto 8

state 32
	expression:  expression NOT_EQUAL.expression 

	IDENTIFIER  shift 11
	INT  shift 12
	STRING  shift 13
	MINUS  shift 9
	LPAREN  shift 19
	LBRACKET  shift 17
	LBRACE  shift 18
	FUNC  shift 21
	IF  shift 20
	NIL  shift 16
	TRUE  shift 14
	FALSE  shift 15
	NOT  shift 10
	.  error

	expression  goto 63
	primary  goto 8

state 33
	expression:  expression GREATER_THAN.expression 

	IDENTIFIER  shift 11
	INT  shift 12
	STRING  shift 13
	MINUS  shift 9
	LPAREN  shift 19
	LBRACKET  shift 17
	LBRACE  shift 18
	FUNC  shift 21
	IF  shift 20
	NIL  shift 16
	TRUE  shift 14
	FALSE  shift 15
	NOT  shift 10
	.  error

	expression  goto 64
	primary  goto 8

state 34
	expression:  expression LESS_THAN.expression 

	IDENTIFIER  shift 11
	INT  shift 12
	STRING  shift 13
	MINUS  shift 9
	LPAREN  shift 19
	LBRACKET  shift 17
	LBRACE  shift 18
	FUNC  shift 21
	IF  shift 20
	NIL  shift 16
	TRUE  shift 14
	FALSE  shift 15
	NOT  shift 10
	.  error

	expression  goto 65
	primary  goto 8

state 35
	expression:  expression GREATER_THAN_OR_EQUAL.expression 

	IDENTIFIER  shift 11
	INT  shift 12
	STRING  shift 13
	MINUS  shift 9
	LPAREN  shift 19
	LBRACKET  shift 17
	LBRACE  shift 18
	FUNC  shift 21
	IF  shift 20
	NIL  shift 16
	TRUE  shift 14
	FALSE  shift 15
	NOT  shift 10
	.  error

	expression  goto 66
	primary  goto 8

state 36
	expression:  expression LESS_THAN_OR_EQUAL.expression 

	IDENTIFIER  shift 11
	INT  shift 12
	STRING  shift 13
	MINUS  shift 9
	LPAREN  shift 19
	LBRACKET  shift 17
	LBRACE  shift 18
	FUNC  shift 21
	IF  shift 20
	NIL  shift 16
	TRUE  shift 14
	FALSE  shift 15
	NOT  shift 10
	.  error

	expression  goto 67
	primary  goto 8

state 37
	expression:  expression AND.expression 

	IDENTIFIER  shift 11
	INT  shift 12
	STRING  shift 13
	MINUS  shift 9
	LPAREN  shift 19
	LBRACKET  shift 17
	LBRACE  shift 18
	FUNC  shift 21
	IF  shift 20
	NIL  shift 16
	TRUE  shift 14
	FALSE  shift 15
	NOT  shift 10
	.  error

	expression  goto 68
	primary  goto 8

state 38
	expression:  expression OR.expression 

	IDENTIFIER  shift 11
	INT  shift 12
	STRING  shift 13
	MINUS  shift 9
	LPAREN  shift 19
	LBRACKET  shift 17
	LBRACE  shift 18
	FUNC  shift 21
	IF  shift 20
	NIL  shift 16
	TRUE  shift 14
	FALSE  shift 15
	NOT  shift 10
	.  error

	expression  goto 69
	primary  goto 8

state 39
	expression:  expression LBRACKET.expression RBRACKET 

	IDENTIFIER  shift 11
	INT  shift 12
	STRING  shift 13
	MINUS  shift 9
	LPAREN  shift 19
	LBRACKET  shift 17
	LBRACE  shift 18
	FUNC  shift 21
	IF  shift 20
	NIL  shift 16
	TRUE  shift 14
	FALSE  shift 15
	NOT  shift 10
	.  error

	expression  goto 70
	primary  goto 8

state 40
	expression:  expression DOT.IDENTIFIER 

	IDENTIFIER  shift 71
	.  error


state 41
	expression:  expression LPAREN.arguments RPAREN 
	arguments: .    (50)

	IDENTIFIER  shift 11
	INT  shift 12
	STRING  shift 13
	MINUS  shift 9
	LPAREN  shift 19
	LBRACKET  shift 17
	LBRACE  shift 18
	FUNC  shift 21
	IF  shift 20
	NIL  shift 16
	TRUE  shift 14
	FALSE  shift 15
	NOT  shift 10
	.  reduce 50 (src line 450)

	expression  goto 73
	primary  goto 8
	arguments  goto 72

state 42
	optSemicolon:  SEMICOLON.    (9)

	.  reduce 9 (src line 147)


state 43
	expression:  expression.PLUS expression 
	expression:  expression.MINUS expression 
	expression:  expression.MULTIPLY expression 
	expression:  expression.DIVIDE expression 
	expression:  expression.MODULUS expression 
	expression:  expression.EQUAL expression 
	expression:  expression.NOT_EQUAL expression 
	expression:  expression.GREATER_THAN expression 
	expression:  expression.LESS_THAN expression 
	expression:  expression.GREATER_THAN_OR_EQUAL expression 
	expression:  expression.LESS_THAN_OR_EQUAL expression 
	expression:  expression.AND expression 
	expression:  expression.OR expression 
	expression:  MINUS expression.    (27)
	expression:  expression.LBRACKET expression RBRACKET 
	expression:  expression.DOT IDENTIFIER 
	expression:  expression.LPAREN arguments RPAREN 

	DOT  shift 40
	LPAREN  shift 41
	LBRACKET  shift 39
	.  reduce 27 (src line 288)


state 44
	expression:  expression.PLUS expression 
	expression:  expression.MINUS expression 
	expression:  expression.MULTIPLY expression 
	expression:  expression.DIVIDE expression 
	expression:  expression.MODULUS expression 
	expression:  expression.EQUAL expression 
	expression:  expression.NOT_EQUAL expression 
	expression:  expression.GREATER_THAN expression 
	expression:  expression.LESS_THAN expression 
	expression:  expression.GREATER_THAN_OR_EQUAL expression 
	expression:  expression.LESS_THAN_OR_EQUAL expression 
	expression:  expression.AND expression 
	expression:  expression.OR expression 
	expression:  NOT expression.    (28)
	expression:  expression.LBRACKET expression RBRACKET 
	expression:  expression.DOT IDENTIFIER 
	expression:  expression.LPAREN arguments RPAREN 

	DOT  shift 40
	LPAREN  shift 41
	LBRACKET  shift 39
	.  reduce 28 (src line 296)


state 45
	primary:  LBRACKET expressionList.RBRACKET 
	expressionList:  expressionList.COMMA expression 

	COMMA  shift 75
	RBRACKET  shift 74
	.  error


state 46
	primary:  LBRACKET RBRACKET.    (39)

	.  reduce 39 (src line 378)


state 47
	expression:  expression.PLUS expression 
	expression:  expression.MINUS expression 
	expression:  expression.MULTIPLY expression 
	expression:  expression.DIVIDE expression 
	expression:  expression.MODULUS expression 
	expression:  expression.EQUAL expression 
	expression:  expression.NOT_EQUAL expression 
	expression:  expression.GREATER_THAN expression 
	expression:  expression.LESS_THAN expression 
	expression:  expression.GREATER_THAN_OR_EQUAL expression 
	expression:  expression.LESS_THAN_OR_EQUAL expression 
	expression:  expression.AND expression 
	expression:  expression.OR expression 
	expression:  expression.LBRACKET expression RBRACKET 
	expression:  expression.DOT IDENTIFIER 
	expression:  expression.LPAREN arguments RPAREN 
	expressionList:  expression.    (46)

	PLUS  shift 26
	MINUS  shift 27
	MULTIPLY  shift 28
	DIVIDE  shift 29
	MODULUS  shift 30
	EQUAL  shift 31
	NOT_EQUAL  shift 32
	GREATER_THAN  shift 33
	LESS_THAN  shift 34
	GREATER_THAN_OR_EQUAL  shift 35
	LESS_THAN_OR_EQUAL  shift 36
	DOT  shift 40
	LPAREN  shift 41
	LBRACKET  shift 39
	AND  shift 37
	OR  shift 38
	.  reduce 46 (src line 430)


state 48
	primary:  LBRACE objectPairs.RBRACE 

	RBRACE  shift 76
	.  error


state 49
	primary:  LBRACE RBRACE.    (41)

	.  reduce 41 (src line 392)


state 50
	objectPairs:  objectPairsList.    (54)
	objectPairsList:  objectPairsList.COMMA IDENTIFIER COLON expression 

	COMMA  shift 77
	.  reduce 54 (src line 479)


state 51
	objectPairsList:  IDENTIFIER.COLON expression 

	COLON  shift 78
	.  error


state 52
	expression:  expression.PLUS expression 
	expression:  expression.MINUS expression 
	expression:  expression.MULTIPLY expression 
	expression:  expression.DIVIDE expression 
	expression:  expression.MODULUS expression 
	expression:  expression.EQUAL expression 
	expression:  expression.NOT_EQUAL expression 
	expression:  expression.GREATER_THAN expression 
	expression:  expression.LESS_THAN expression 
	expression:  expression.GREATER_THAN_OR_EQUAL expression 
	expression:  expression.LESS_THAN_OR_EQUAL expression 
	expression:  expression.AND expression 
	expression:  expression.OR expression 
	expression:  expression.LBRACKET expression RBRACKET 
	expression:  expression.DOT IDENTIFIER 
	expression:  expression.LPAREN arguments RPAREN 
	primary:  LPAREN expression.RPAREN 

	PLUS  shift 26
	MINUS  shift 27
	MULTIPLY  shift 28
	DIVIDE  shift 29
	MODULUS  shift 30
	EQUAL  shift 31
	NOT_EQUAL  shift 32
	GREATER_THAN  shift 33
	LESS_THAN  shift 34
	GREATER_THAN_OR_EQUAL  shift 35
	LESS_THAN_OR_EQUAL  shift 36
	DOT  shift 40
	LPAREN  shift 41
	RPAREN  shift 79
	LBRACKET  shift 39
	AND  shift 37
	OR  shift 38
	.  error


state 53
	primary:  IF LPAREN.expression RPAREN block 
	primary:  IF LPAREN.expression RPAREN block ELSE block 

	IDENTIFIER  shift 11
	INT  shift 12
	STRING  shift 13
	MINUS  shift 9
	LPAREN  shift 19
	LBRACKET  shift 17
	LBRACE  shift 18
	FUNC  shift 21
	IF  shift 20
	NIL  shift 16
	TRUE  shift 14
	FALSE  shift 15
	NOT  shift 10
	.  error

	expression  goto 80
	primary  goto 8

state 54
	primary:  FUNC LPAREN.parameters RPAREN block 
	parameters: .    (53)

	IDENTIFIER  shift 82
	.  reduce 53 (src line 473)

	parameters  goto 81

state 55
	statement:  VAR IDENTIFIER ASSIGNMENT.expression optSemicolon 

	IDENTIFIER  shift 11
	INT  shift 12
	STRING  shift 13
	MINUS  shift 9
	LPAREN  shift 19
	LBRACKET  shift 17
	LBRACE  shift 18
	FUNC  shift 21
	IF  shift 20
	NIL  shift 16
	TRUE  shift 14
	FALSE  shift 15
	NOT  shift 10
	.  error

	expression  goto 83
	primary  goto 8

state 56
	statement:  RETURN expression optSemicolon.    (6)

	.  reduce 6 (src line 107)


state 57
	expression:  expression.PLUS expression 
	expression:  expression PLUS expression.    (14)
	expression:  expression.MINUS expression 
	expression:  expression.MULTIPLY expression 
	expression:  expression.DIVIDE expression 
	expression:  expression.MODULUS expression 
	expression:  expression.EQUAL expression 
	expression:  expression.NOT_EQUAL expression 
	expression:  expression.GREATER_THAN expression 
	expression:  expression.LESS_THAN expression 
	expression:  expression.GREATER_THAN_OR_EQUAL expression 
	expression:  expression.LESS_THAN_OR_EQUAL expression 
	expression:  expression.AND expression 
	expression:  expression.OR expression 
	expression:  expression.LBRACKET expression RBRACKET 
	expression:  expression.DOT IDENTIFIER 
	expression:  expression.LPAREN arguments RPAREN 

	MULTIPLY  shift 28
	DIVIDE  shift 29
	MODULUS  shift 30
	DOT  shift 40
	LPAREN  shift 41
	LBRACKET  shift 39
	.  reduce 14 (src line 171)


state 58
	expression:  expression.PLUS expression 
	expression:  expression.MINUS expression 
	expression:  expression MINUS expression.    (15)
	expression:  expression.MULTIPLY expression 
	expression:  expression.DIVIDE expression 
	expression:  expression.MODULUS expression 
	expression:  expression.EQUAL expression 
	expression:  expression.NOT_EQUAL expression 
	expression:  expression.GREATER_THAN expression 
	expression:  expression.LESS_THAN expression 
	expression:  expression.GREATER_THAN_OR_EQUAL expression 
	expression:  expression.LESS_THAN_OR_EQUAL expression 
	expression:  expression.AND expression 
	expression:  expression.OR expression 
	expression:  expression.LBRACKET expression RBRACKET 
	expression:  expression.DOT IDENTIFIER 
	expression:  expression.LPAREN arguments RPAREN 

	MULTIPLY  shift 28
	DIVIDE  shift 29
	MODULUS  shift 30
	DOT  shift 40
	LPAREN  shift 41
	LBRACKET  shift 39
	.  reduce 15 (src line 180)


state 59
	expression:  expression.PLUS expression 
	expression:  expression.MINUS expression 
	expression:  expression.MULTIPLY expression 
	expression:  expression MULTIPLY expression.    (16)
	expression:  expression.DIVIDE expression 
	expression:  expression.MODULUS expression 
	expression:  expression.EQUAL expression 
	expression:  expression.NOT_EQUAL expression 
	expression:  expression.GREATER_THAN expression 
	expression:  expression.LESS_THAN expression 
	expression:  expression.GREATER_THAN_OR_EQUAL expression 
	expression:  expression.LESS_THAN_OR_EQUAL expression 
	expression:  expression.AND expression 
	expression:  expression.OR expression 
	expression:  expression.LBRACKET expression RBRACKET 
	expression:  expression.DOT IDENTIFIER 
	expression:  expression.LPAREN arguments RPAREN 

	DOT  shift 40
	LPAREN  shift 41
	LBRACKET  shift 39
	.  reduce 16 (src line 189)


state 60
	expression:  expression.PLUS expression 
	expression:  expression.MINUS expression 
	expression:  expression.MULTIPLY expression 
	expression:  expression.DIVIDE expression 
	expression:  expression DIVIDE expression.    (17)
	expression:  expression.MODULUS expression 
	expression:  expression.EQUAL expression 
	expression:  expression.NOT_EQUAL expression 
	expression:  expression.GREATER_THAN expression 
	expression:  expression.LESS_THAN expression 
	expression:  expression.GREATER_THAN_OR_EQUAL expression 
	expression:  expression.LESS_THAN_OR_EQUAL expression 
	expression:  expression.AND expression 
	expression:  expression.OR expression 
	expression:  expression.LBRACKET expression RBRACKET 
	expression:  expression.DOT IDENTIFIER 
	expression:  expression.LPAREN arguments RPAREN 

	DOT  shift 40
	LPAREN  shift 41
	LBRACKET  shift 39
	.  reduce 17 (src line 198)


state 61
	expression:  expression.PLUS expression 
	expression:  expression.MINUS expression 
	expression:  expression.MULTIPLY expression 
	expression:  expression.DIVIDE expression 
	expression:  expression.MODULUS expression 
	expression:  expression MODULUS expression.    (18)
	expression:  expression.EQUAL expression 
	expression:  expression.NOT_EQUAL expression 
	expression:  expression.GREATER_THAN expression 
	expression:  expression.LESS_THAN expression 
	expression:  expression.GREATER_THAN_OR_EQUAL expression 
	expression:  expression.LESS_THAN_OR_EQUAL expression 
	expression:  expression.AND expression 
	expression:  expression.OR expression 
	expression:  expression.LBRACKET expression RBRACKET 
	expression:  expression.DOT IDENTIFIER 
	expression:  expression.LPAREN arguments RPAREN 

	DOT  shift 40
	LPAREN  shift 41
	LBRACKET  shift 39
	.  reduce 18 (src line 207)


state 62
	expression:  expression.PLUS expression 
	expression:  expression.MINUS expression 
	expression:  expression.MULTIPLY expression 
	expression:  expression.DIVIDE expression 
	expression:  expression.MODULUS expression 
	expression:  expression.EQUAL expression 
	expression:  expression EQUAL expression.    (19)
	expression:  expression.NOT_EQUAL expression 
	expression:  expression.GREATER_THAN expression 
	expression:  expression.LESS_THAN expression 
	expression:  expression.GREATER_THAN_OR_EQUAL expression 
	expression:  expression.LESS_THAN_OR_EQUAL expression 
	expression:  expression.AND expression 
	expression:  expression.OR expression 
	expression:  expression.LBRACKET expression RBRACKET 
	expression:  expression.DOT IDENTIFIER 
	expression:  expression.LPAREN arguments RPAREN 

	PLUS  shift 26
	MINUS  shift 27
	MULTIPLY  shift 28
	DIVIDE  shift 29
	MODULUS  shift 30
	GREATER_THAN  shift 33
	LESS_THAN  shift 34
	GREATER_THAN_OR_EQUAL  shift 35
	LESS_THAN_OR_EQUAL  shift 36
	DOT  shift 40
	LPAREN  shift 41
	LBRACKET  shift 39
	.  reduce 19 (src line 216)


state 63
	expression:  expression.PLUS expression 
	expression:  expression.MINUS expression 
	expression:  expression.MULTIPLY expression 
	expression:  expression.DIVIDE expression 
	expression:  expression.MODULUS expression 
	expression:  expression.EQUAL expression 
	expression:  expression.NOT_EQUAL expression 
	expression:  expression NOT_EQUAL expression.    (20)
	expression:  expression.GREATER_THAN expression 
	expression:  expression.LESS_THAN expression 
	expression:  expression.GREATER_THAN_OR_EQUAL expression 
	expression:  expression.LESS_THAN_OR_EQUAL expression 
	expression:  expression.AND expression 
	expression:  expression.OR expression 
	expression:  expression.LBRACKET expression RBRACKET 
	expression:  expression.DOT IDENTIFIER 
	expression:  expression.LPAREN arguments RPAREN 

	PLUS  shift 26
	MINUS  shift 27
	MULTIPLY  shift 28
	DIVIDE  shift 29
	MODULUS  shift 30
	GREATER_THAN  shift 33
	LESS_THAN  shift 34
	GREATER_THAN_OR_EQUAL  shift 35
	LESS_THAN_OR_EQUAL  shift 36
	DOT  shift 40
	LPAREN  shift 41
	LBRACKET  shift 39
	.  reduce 20 (src line 225)


state 64
	expression:  expression.PLUS expression 
	expression:  expression.MINUS expression 
	expression:  expression.MULTIPLY expression 
	expression:  expression.DIVIDE expression 
	expression:  expression.MODULUS expression 
	expression:  expression.EQUAL expression 
	expression:  expression.NOT_EQUAL expression 
	expression:  expression.GREATER_THAN expression 
	expression:  expression GREATER_THAN expression.    (21)
	expression:  expression.LESS_THAN expression 
	expression:  expression.GREATER_THAN_OR_EQUAL expression 
	expression:  expression.LESS_THAN_OR_EQUAL expression 
	expression:  expression.AND expression 
	expression:  expression.OR expression 
	expression:  expression.LBRACKET expression RBRACKET 
	expression:  expression.DOT IDENTIFIER 
	expression:  expression.LPAREN arguments RPAREN 

	PLUS  shift 26
	MINUS  shift 27
	MULTIPLY  shift 28
	DIVIDE  shift 29
	MODULUS  shift 30
	DOT  shift 40
	LPAREN  shift 41
	LBRACKET  shift 39
	.  reduce 21 (src line 234)


state 65
	expression:  expression.PLUS expression 
	expression:  expression.MINUS expression 
	expression:  expression.MULTIPLY expression 
	expression:  expression.DIVIDE expression 
	expression:  expression.MODULUS expression 
	expression:  expression.EQUAL expression 
	expression:  expression.NOT_EQUAL expression 
	expression:  expression.GREATER_THAN expression 
	expression:  expression.LESS_THAN expression 
	expression:  expression LESS_THAN expression.    (22)
	expression:  expression.GREATER_THAN_OR_EQUAL expression 
	expression:  expression.LESS_THAN_OR_EQUAL expression 
	expression:  expression.AND expression 
	expression:  expression.OR expression 
	expression:  expression.LBRACKET expression RBRACKET 
	expression:  expression.DOT IDENTIFIER 
	expression:  expression.LPAREN arguments RPAREN 

	PLUS  shift 26
	MINUS  shift 27
	MULTIPLY  shift 28
	DIVIDE  shift 29
	MODULUS  shift 30
	DOT  shift 40
	LPAREN  shift 41
	LBRACKET  shift 39
	.  reduce 22 (src line 243)


state 66
	expression:  expression.PLUS expression 
	expression:  expression.MINUS expression 
	expression:  expression.MULTIPLY expression 
	expression:  expression.DIVIDE expression 
	expression:  expression.MODULUS expression 
	expression:  expression.EQUAL expression 
	expression:  expression.NOT_EQUAL expression 
	expression:  expression.GREATER_THAN expression 
	expression:  expression.LESS_THAN expression 
	expression:  expression.GREATER_THAN_OR_EQUAL expression 
	expression:  expression GREATER_THAN_OR_EQUAL expression.    (23)
	expression:  expression.LESS_THAN_OR_EQUAL expression 
	expression:  expression.AND expression 
	expression:  expression.OR expression 
	expression:  expression.LBRACKET expression RBRACKET 
	expression:  expression.DOT IDENTIFIER 
	expression:  expression.LPAREN arguments RPAREN 

	PLUS  shift 26
	MINUS  shift 27
	MULTIPLY  shift 28
	DIVIDE  shift 29
	MODULUS  shift 30
	DOT  shift 40
	LPAREN  shift 41
	LBRACKET  shift 39
	.  reduce 23 (src line 252)


state 67
	expression:  expression.PLUS expression 
	expression:  expression.MINUS expression 
	expression:  expression.MULTIPLY expression 
	expression:  expression.DIVIDE expression 
	expression:  expression.MODULUS expression 
	expression:  expression.EQUAL expression 
	expression:  expression.NOT_EQUAL expression 
	expression:  expression.GREATER_THAN expression 
	expression:  expression.LESS_THAN expression 
	expression:  expression.GREATER_THAN_OR_EQUAL expression 
	expression:  expression.LESS_THAN_OR_EQUAL expression 
	expression:  expression LESS_THAN_OR_EQUAL expression.    (24)
	expression:  expression.AND expression 
	expression:  expression.OR expression 
	expression:  expression.LBRACKET expression RBRACKET 
	expression:  expression.DOT IDENTIFIER 
	expression:  expression.LPAREN arguments RPAREN 

	PLUS  shift 26
	MINUS  shift 27
	MULTIPLY  shift 28
	DIVIDE  shift 29
	MODULUS  shift 30
	DOT  shift 40
	LPAREN  shift 41
	LBRACKET  shift 39
	.  reduce 24 (src line 261)


state 68
	expression:  expression.PLUS expression 
	expression:  expression.MINUS expression 
	expression:  expression.MULTIPLY expression 
	expression:  expression.DIVIDE expression 
	expression:  expression.MODULUS expression 
	expression:  expression.EQUAL expression 
	expression:  expression.NOT_EQUAL expression 
	expression:  expression.GREATER_THAN expression 
	expression:  expression.LESS_THAN expression 
	expression:  expression.GREATER_THAN_OR_EQUAL expression 
	expression:  expression.LESS_THAN_OR_EQUAL expression 
	expression:  expression.AND expression 
	expression:  expression AND expression.    (25)
	expression:  expression.OR expression 
	expression:  expression.LBRACKET expression RBRACKET 
	expression:  expression.DOT IDENTIFIER 
	expression:  expression.LPAREN arguments RPAREN 

	PLUS  shift 26
	MINUS  shift 27
	MULTIPLY  shift 28
	DIVIDE  shift 29
	MODULUS  shift 30
	EQUAL  shift 31
	NOT_EQUAL  shift 32
	GREATER_THAN  shift 33
	LESS_THAN  shift 34
	GREATER_THAN_OR_EQUAL  shift 35
	LESS_THAN_OR_EQUAL  shift 36
	DOT  shift 40
	LPAREN  shift 41
	LBRACKET  shift 39
	.  reduce 25 (src line 270)


state 69
	expression:  expression.PLUS expression 
	expression:  expression.MINUS expression 
	expression:  expression.MULTIPLY expression 
	expression:  expression.DIVIDE expression 
	expression:  expression.MODULUS expression 
	expression:  expression.EQUAL expression 
	expression:  expression.NOT_EQUAL expression 
	expression:  expression.GREATER_THAN expression 
	expression:  expression.LESS_THAN expression 
	expression:  expression.GREATER_THAN_OR_EQUAL expression 
	expression:  expression.LESS_THAN_OR_EQUAL expression 
	expression:  expression.AND expression 
	expression:  expression.OR expression 
	expression:  expression OR expression.    (26)
	expression:  expression.LBRACKET expression RBRACKET 
	expression:  expression.DOT IDENTIFIER 
	expression:  expression.LPAREN arguments RPAREN 

	PLUS  shift 26
	MINUS  shift 27
	MULTIPLY  shift 28
	DIVIDE  shift 29
	MODULUS  shift 30
	EQUAL  shift 31
	NOT_EQUAL  shift 32
	GREATER_THAN  shift 33
	LESS_THAN  shift 34
	GREATER_THAN_OR_EQUAL  shift 35
	LESS_THAN_OR_EQUAL  shift 36
	DOT  shift 40
	LPAREN  shift 41
	LBRACKET  shift 39
	AND  shift 37
	.  reduce 26 (src line 279)


state 70
	expression:  expression.PLUS expression 
	expression:  expression.MINUS expression 
	expression:  expression.MULTIPLY expression 
	expression:  expression.DIVIDE expression 
	expression:  expression.MODULUS expression 
	expression:  expression.EQUAL expression 
	expression:  expression.NOT_EQUAL expression 
	expression:  expression.GREATER_THAN expression 
	expression:  expression.LESS_THAN expression 
	expression:  expression.GREATER_THAN_OR_EQUAL expression 
	expression:  expression.LESS_THAN_OR_EQUAL expression 
	expression:  expression.AND expression 
	expression:  expression.OR expression 
	expression:  expression.LBRACKET expression RBRACKET 
	expression:  expression LBRACKET expression.RBRACKET 
	expression:  expression.DOT IDENTIFIER 
	expression:  expression.LPAREN arguments RPAREN 

	PLUS  shift 26
	MINUS  shift 27
	MULTIPLY  shift 28
	DIVIDE  shift 29
	MODULUS  shift 30
	EQUAL  shift 31
	NOT_EQUAL  shift 32
	GREATER_THAN  shift 33
	LESS_THAN  shift 34
	GREATER_THAN_OR_EQUAL  shift 35
	LESS_THAN_OR_EQUAL  shift 36
	DOT  shift 40
	LPAREN  shift 41
	LBRACKET  shift 39
	RBRACKET  shift 84
	AND  shift 37
	OR  shift 38
	.  error


state 71
	expression:  expression DOT IDENTIFIER.    (30)

	.  reduce 30 (src line 312)


state 72
	expression:  expression LPAREN arguments.RPAREN 
	arguments:  arguments.COMMA expression 

	COMMA  shift 86
	RPAREN  shift 85
	.  error


state 73
	expression:  expression.PLUS expression 
	expression:  expression.MINUS expression 
	expression:  expression.MULTIPLY expression 
	expression:  expression.DIVIDE expression 
	expression:  expression.MODULUS expression 
	expression:  expression.EQUAL expression 
	expression:  expression.NOT_EQUAL expression 
	expression:  expression.GREATER_THAN expression 
	expression:  expression.LESS_THAN expression 
	expression:  expression.GREATER_THAN_OR_EQUAL expression 
	expression:  expression.LESS_THAN_OR_EQUAL expression 
	expression:  expression.AND expression 
	expression:  expression.OR expression 
	expression:  expression.LBRACKET expression RBRACKET 
	expression:  expression.DOT IDENTIFIER 
	expression:  expression.LPAREN arguments RPAREN 
	arguments:  expression.    (48)

	PLUS  shift 26
	MINUS  shift 27
	MULTIPLY  shift 28
	DIVIDE  shift 29
	MODULUS  shift 30
	EQUAL  shift 31
	NOT_EQUAL  shift 32
	GREATER_THAN  shift 33
	LESS_THAN  shift 34
	GREATER_THAN_OR_EQUAL  shift 35
	LESS_THAN_OR_EQUAL  shift 36
	DOT  shift 40
	LPAREN  shift 41
	LBRACKET  shift 39
	AND  shift 37
	OR  shift 38
	.  reduce 48 (src line 441)


state 74
	primary:  LBRACKET expressionList RBRACKET.    (38)

	.  reduce 38 (src line 371)


state 75
	expressionList:  expressionList COMMA.expression 

	IDENTIFIER  shift 11
	INT  shift 12
	STRING  shift 13
	MINUS  shift 9
	LPAREN  shift 19
	LBRACKET  shift 17
	LBRACE  shift 18
	FUNC  shift 21
	IF  shift 20
	NIL  shift 16
	TRUE  shift 14
	FALSE  shift 15
	NOT  shift 10
	.  error

	expression  goto 87
	primary  goto 8

state 76
	primary:  LBRACE objectPairs RBRACE.    (40)

	.  reduce 40 (src line 385)


state 77
	objectPairsList:  objectPairsList COMMA.IDENTIFIER COLON expression 

	IDENTIFIER  shift 88
	.  error


state 78
	objectPairsList:  IDENTIFIER COLON.expression 

	IDENTIFIER  shift 11
	INT  shift 12
	STRING  shift 13
	MINUS  shift 9
	LPAREN  shift 19
	LBRACKET  shift 17
	LBRACE  shift 18
	FUNC  shift 21
	IF  shift 20
	NIL  shift 16
	TRUE  shift 14
	FALSE  shift 15
	NOT  shift 10
	.  error

	expression  goto 89
	primary  goto 8

state 79
	primary:  LPAREN expression RPAREN.    (42)

	.  reduce 42 (src line 399)


state 80
	expression:  expression.PLUS expression 
	expression:  expression.MINUS expression 
	expression:  expression.MULTIPLY expression 
	expression:  expression.DIVIDE expression 
	expression:  expression.MODULUS expression 
	expression:  expression.EQUAL expression 
	expression:  expression.NOT_EQUAL expression 
	expression:  expression.GREATER_THAN expression 
	expression:  expression.LESS_THAN expression 
	expression:  expression.GREATER_THAN_OR_EQUAL expression 
	expression:  expression.LESS_THAN_OR_EQUAL expression 
	expression:  expression.AND expression 
	expression:  expression.OR expression 
	expression:  expression.LBRACKET expression RBRACKET 
	expression:  expression.DOT IDENTIFIER 
	expression:  expression.LPAREN arguments RPAREN 
	primary:  IF LPAREN expression.RPAREN block 
	primary:  IF LPAREN expression.RPAREN block ELSE block 

	PLUS  shift 26
	MINUS  shift 27
	MULTIPLY  shift 28
	DIVIDE  shift 29
	MODULUS  shift 30
	EQUAL  shift 31
	NOT_EQUAL  shift 32
	GREATER_THAN  shift 33
	LESS_THAN  shift 34
	GREATER_THAN_OR_EQUAL  shift 35
	LESS_THAN_OR_EQUAL  shift 36
	DOT  shift 40
	LPAREN  shift 41
	RPAREN  shift 90
	LBRACKET  shift 39
	AND  shift 37
	OR  shift 38
	.  error


state 81
	primary:  FUNC LPAREN parameters.RPAREN block 
	parameters:  parameters.COMMA IDENTIFIER 

	COMMA  shift 92
	RPAREN  shift 91
	.  error


state 82
	parameters:  IDENTIFIER.    (51)

	.  reduce 51 (src line 456)


83: shift/reduce conflict (shift 27(5), red'n 10(0)) on MINUS
83: shift/reduce conflict (shift 41(9), red'n 10(0)) on LPAREN
83: shift/reduce conflict (shift 39(9), red'n 10(0)) on LBRACKET
state 83
	statement:  VAR IDENTIFIER ASSIGNMENT expression.optSemicolon 
	expression:  expression.PLUS expression 
	expression:  expression.MINUS expression 
	expression:  expression.MULTIPLY expression 
	expression:  expression.DIVIDE expression 
	expression:  expression.MODULUS expression 
	expression:  expression.EQUAL expression 
	expression:  expression.NOT_EQUAL expression 
	expression:  expression.GREATER_THAN expression 
	expression:  expression.LESS_THAN expression 
	expression:  expression.GREATER_THAN_OR_EQUAL expression 
	expression:  expression.LESS_THAN_OR_EQUAL expression 
	expression:  expression.AND expression 
	expression:  expression.OR expression 
	expression:  expression.LBRACKET expression RBRACKET 
	expression:  expression.DOT IDENTIFIER 
	expression:  expression.LPAREN arguments RPAREN 
	optSemicolon: .    (10)

	PLUS  shift 26
	MINUS  shift 27
	MULTIPLY  shift 28
	DIVIDE  shift 29
	MODULUS  shift 30
	EQUAL  shift 31
	NOT_EQUAL  shift 32
	GREATER_THAN  shift 33
	LESS_THAN  shift 34
	GREATER_THAN_OR_EQUAL  shift 35
	LESS_THAN_OR_EQUAL  shift 36
	SEMICOLON  shift 42
	DOT  shift 40
	LPAREN  shift 41
	LBRACKET  shift 39
	AND  shift 37
	OR  shift 38
	.  reduce 10 (src line 149)

	optSemicolon  goto 93

state 84
	expression:  expression LBRACKET expression RBRACKET.    (29)

	.  reduce 29 (src line 304)


state 85
	expression:  expression LPAREN arguments RPAREN.    (31)

	.  reduce 31 (src line 320)


state 86
	arguments:  arguments COMMA.expression 

	IDENTIFIER  shift 11
	INT  shift 12
	STRING  shift 13
	MINUS  shift 9
	LPAREN  shift 19
	LBRACKET  shift 17
	LBRACE  shift 18
	FUNC  shift 21
	IF  shift 20
	NIL  shift 16
	TRUE  shift 14
	FALSE  shift 15
	NOT  shift 10
	.  error

	expression  goto 94
	primary  goto 8

state 87
	expression:  expression.PLUS expression 
	expression:  expression.MINUS expression 
	expression:  expression.MULTIPLY expression 
	expression:  expression.DIVIDE expression 
	expression:  expression.MODULUS expression 
	expression:  expression.EQUAL expression 
	expression:  expression.NOT_EQUAL expression 
	expression:  expression.GREATER_THAN expression 
	expression:  expression.LESS_THAN expression 
	expression:  expression.GREATER_THAN_OR_EQUAL expression 
	expression:  expression.LESS_THAN_OR_EQUAL expression 
	expression:  expression.AND expression 
	expression:  expression.OR expression 
	expression:  expression.LBRACKET expression RBRACKET 
	expression:  expression.DOT IDENTIFIER 
	expression:  expression.LPAREN arguments RPAREN 
	expressionList:  expressionList COMMA expression.    (47)

	PLUS  shift 26
	MINUS  shift 27
	MULTIPLY  shift 28
	DIVIDE  shift 29
	MODULUS  shift 30
	EQUAL  shift 31
	NOT_EQUAL  shift 32
	GREATER_THAN  shift 33
	LESS_THAN  shift 34
	GREATER_THAN_OR_EQUAL  shift 35
	LESS_THAN_OR_EQUAL  shift 36
	DOT  shift 40
	LPAREN  shift 41
	LBRACKET  shift 39
	AND  shift 37
	OR  shift 38
	.  reduce 47 (src line 435)


state 88
	objectPairsList:  objectPairsList COMMA IDENTIFIER.COLON expression 

	COLON  shift 95
	.  error


state 89
	expression:  expression.PLUS expression 
	expression:  expression.MINUS expression 
	expression:  expression.MULTIPLY expression 
	expression:  expression.DIVIDE expression 
	expression:  expression.MODULUS expression 
	expression:  expression.EQUAL expression 
	expression:  expression.NOT_EQUAL expression 
	expression:  expression.GREATER_THAN expression 
	expression:  expression.LESS_THAN expression 
	expression:  expression.GREATER_THAN_OR_EQUAL expression 
	expression:  expression.LESS_THAN_OR_EQUAL expression 
	expression:  expression.AND expression 
	expression:  expression.OR expression 
	expression:  expression.LBRACKET expression RBRACKET 
	expression:  expression.DOT IDENTIFIER 
	expression:  expression.LPAREN arguments RPAREN 
	objectPairsList:  IDENTIFIER COLON expression.    (55)

	PLUS  shift 26
	MINUS  shift 27
	MULTIPLY  shift 28
	DIVIDE  shift 29
	MODULUS  shift 30
	EQUAL  shift 31
	NOT_EQUAL  shift 32
	GREATER_THAN  shift 33
	LESS_THAN  shift 34
	GREATER_THAN_OR_EQUAL  shift 35
	LESS_THAN_OR_EQUAL  shift 36
	DOT  shift 40
	LPAREN  shift 41
	LBRACKET  shift 39
	AND  shift 37
	OR  shift 38
	.  reduce 55 (src line 486)


state 90
	primary:  IF LPAREN expression RPAREN.block 
	primary:  IF LPAREN expression RPAREN.block ELSE block 

	LBRACE  shift 97
	.  error

	block  goto 96

state 91
	primary:  FUNC LPAREN parameters RPAREN.block 

	LBRACE  shift 97
	.  error

	block  goto 98

state 92
	parameters:  parameters COMMA.IDENTIFIER 

	IDENTIFIER  shift 99
	.  error


state 93
	statement:  VAR IDENTIFIER ASSIGNMENT expression optSemicolon.    (5)

	.  reduce 5 (src line 95)


state 94
	expression:  expression.PLUS expression 
	expression:  expression.MINUS expression 
	expression:  expression.MULTIPLY expression 
	expression:  expression.DIVIDE expression 
	expression:  expression.MODULUS expression 
	expression:  expression.EQUAL expression 
	expression:  expression.NOT_EQUAL expression 
	expression:  expression.GREATER_THAN expression 
	expression:  expression.LESS_THAN expression 
	expression:  expression.GREATER_THAN_OR_EQUAL expression 
	expression:  expression.LESS_THAN_OR_EQUAL expression 
	expression:  expression.AND expression 
	expression:  expression.OR expression 
	expression:  expression.LBRACKET expression RBRACKET 
	expression:  expression.DOT IDENTIFIER 
	expression:  expression.LPAREN arguments RPAREN 
	arguments:  arguments COMMA expression.    (49)

	PLUS  shift 26
	MINUS  shift 27
	MULTIPLY  shift 28
	DIVIDE  shift 29
	MODULUS  shift 30
	EQUAL  shift 31
	NOT_EQUAL  shift 32
	GREATER_THAN  shift 33
	LESS_THAN  shift 34
	GREATER_THAN_OR_EQUAL  shift 35
	LESS_THAN_OR_EQUAL  shift 36
	DOT  shift 40
	LPAREN  shift 41
	LBRACKET  shift 39
	AND  shift 37
	OR  shift 38
	.  reduce 49 (src line 446)


state 95
	objectPairsList:  objectPairsList COMMA IDENTIFIER COLON.expression 

	IDENTIFIER  shift 11
	INT  shift 12
	STRING  shift 13
	MINUS  shift 9
	LPAREN  shift 19
	LBRACKET  shift 17
	LBRACE  shift 18
	FUNC  shift 21
	IF  shift 20
	NIL  shift 16
	TRUE  shift 14
	FALSE  shift 15
	NOT  shift 10
	.  error

	expression  goto 100
	primary  goto 8

state 96
	primary:  IF LPAREN expression RPAREN block.    (43)
	primary:  IF LPAREN expression RPAREN block.ELSE block 

	ELSE  shift 101
	.  reduce 43 (src line 403)


state 97
	block:  LBRACE.statements RBRACE 
	block:  LBRACE.RBRACE 

	error  shift 7
	IDENTIFIER  shift 11
	INT  shift 12
	STRING  shift 13
	MINUS  shift 9
	LPAREN  shift 19
	LBRACKET  shift 17
	LBRACE  shift 18
	RBRACE  shift 103
	VAR  shift 4
	FUNC  shift 21
	RETURN  shift 5
	IF  shift 20
	NIL  shift 16
	TRUE  shift 14
	FALSE  shift 15
	NOT  shift 10
	.  error

	statements  goto 102
	statement  goto 3
	expression  goto 6
	primary  goto 8

state 98
	primary:  FUNC LPAREN parameters RPAREN block.    (45)

	.  reduce 45 (src line 420)


state 99
	parameters:  parameters COMMA IDENTIFIER.    (52)

	.  reduce 52 (src line 466)


state 100
	expression:  expression.PLUS expression 
	expression:  expression.MINUS expression 
	expression:  expression.MULTIPLY expression 
	expression:  expression.DIVIDE expression 
	expression:  expression.MODULUS expression 
	expression:  expression.EQUAL expression 
	expression:  expression.NOT_EQUAL expression 
	expression:  expression.GREATER_THAN expression 
	expression:  expression.LESS_THAN expression 
	expression:  expression.GREATER_THAN_OR_EQUAL expression 
	expression:  expression.LESS_THAN_OR_EQUAL expression 
	expression:  expression.AND expression 
	expression:  expression.OR expression 
	expression:  expression.LBRACKET expression RBRACKET 
	expression:  expression.DOT IDENTIFIER 
	expression:  expression.LPAREN arguments RPAREN 
	objectPairsList:  objectPairsList COMMA IDENTIFIER COLON expression.    (56)

	PLUS  shift 26
	MINUS  shift 27
	MULTIPLY  shift 28
	DIVIDE  shift 29
	MODULUS  shift 30
	EQUAL  shift 31
	NOT_EQUAL  shift 32
	GREATER_THAN  shift 33
	LESS_THAN  shift 34
	GREATER_THAN_OR_EQUAL  shift 35
	LESS_THAN_OR_EQUAL  shift 36
	DOT  shift 40
	LPAREN  shift 41
	LBRACKET  shift 39
	AND  shift 37
	OR  shift 38
	.  reduce 56 (src line 492)


state 101
	primary:  IF LPAREN expression RPAREN block ELSE.block 

	LBRACE  shift 97
	.  error

	block  goto 104

state 102
	statements:  statements.statement 
	block:  LBRACE statements.RBRACE 

	error  shift 7
	IDENTIFIER  shift 11
	INT  shift 12
	STRING  shift 13
	MINUS  shift 9
	LPAREN  shift 19
	LBRACKET  shift 17
	LBRACE  shift 18
	RBRACE  shift 105
	VAR  shift 4
	FUNC  shift 21
	RETURN  shift 5
	IF  shift 20
	NIL  shift 16
	TRUE  shift 14
	FALSE  shift 15
	NOT  shift 10
	.  error

	statement  goto 22
	expression  goto 6
	primary  goto 8

state 103
	block:  LBRACE RBRACE.    (12)

	.  reduce 12 (src line 160)


state 104
	primary:  IF LPAREN expression RPAREN block ELSE block.    (44)

	.  reduce 44 (src line 411)


state 105
	block:  LBRACE statements RBRACE.    (11)

	.  reduce 11 (src line 152)


41 terminals, 13 nonterminals
57 grammar rules, 106/16000 states
9 shift/reduce, 0 reduce/reduce conflicts reported
62 working sets used
memory: parser 74/240000
86 extra closures
739 shift entries, 3 exceptions
45 goto entries
33 entries saved by goto default
Optimizer space used: output 416/240000
416 table entries, 130 zero
maximum spread: 39, maximum offset: 102
